<?xml version="1.0" encoding="UTF-8"?>
<testng-results skipped="0" failed="1" total="3" passed="2">
  <reporter-output>
  </reporter-output>
  <suite name="Suite" duration-ms="78" started-at="2013-03-25T09:51:51Z" finished-at="2013-03-25T09:51:51Z">
    <groups>
      <group name="t2">
        <method signature="TestNGTest.f()[pri:0, instance:mytestNGtest.TestNGTest@15cda3f]" name="f" class="mytestNGtest.TestNGTest"/>
        <method signature="TestNGTest.f1()[pri:0, instance:mytestNGtest.TestNGTest@15cda3f]" name="f1" class="mytestNGtest.TestNGTest"/>
      </group> <!-- t2 -->
      <group name="t1">
        <method signature="TestNGTest.f()[pri:0, instance:mytestNGtest.TestNGTest@15cda3f]" name="f" class="mytestNGtest.TestNGTest"/>
        <method signature="TestNGTest.f1()[pri:0, instance:mytestNGtest.TestNGTest@15cda3f]" name="f1" class="mytestNGtest.TestNGTest"/>
        <method signature="TestNGTest.f3()[pri:0, instance:mytestNGtest.TestNGTest@15cda3f]" name="f3" class="mytestNGtest.TestNGTest"/>
      </group> <!-- t1 -->
    </groups>
    <test name="Test" duration-ms="78" started-at="2013-03-25T09:51:51Z" finished-at="2013-03-25T09:51:51Z">
      <class name="mytestNGtest.TestNGTest">
        <test-method status="PASS" signature="f()[pri:0, instance:mytestNGtest.TestNGTest@15cda3f]" name="f" duration-ms="20" started-at="2013-03-25T17:51:51Z" finished-at="2013-03-25T17:51:51Z">
          <reporter-output>
          </reporter-output>
        </test-method> <!-- f -->
        <test-method status="FAIL" signature="f1()[pri:0, instance:mytestNGtest.TestNGTest@15cda3f]" name="f1" duration-ms="4" started-at="2013-03-25T17:51:51Z" finished-at="2013-03-25T17:51:51Z">
          <exception class="java.lang.AssertionError">
            <message>
              <![CDATA[Right expected [3] but found [6]]]>
            </message>
            <full-stacktrace>
              <![CDATA[java.lang.AssertionError: Right expected [3] but found [6]
	at org.testng.Assert.fail(Assert.java:94)
	at org.testng.Assert.failNotEquals(Assert.java:494)
	at org.testng.Assert.assertEquals(Assert.java:123)
	at org.testng.Assert.assertEquals(Assert.java:370)
	at mytestNGtest.TestNGTest.f1(TestNGTest.java:28)
	at sun.reflect.NativeMethodAccessorImpl.invoke0(Native Method)
	at sun.reflect.NativeMethodAccessorImpl.invoke(NativeMethodAccessorImpl.java:39)
	at sun.reflect.DelegatingMethodAccessorImpl.invoke(DelegatingMethodAccessorImpl.java:25)
	at java.lang.reflect.Method.invoke(Method.java:597)
	at org.testng.internal.MethodInvocationHelper.invokeMethod(MethodInvocationHelper.java:80)
	at org.testng.internal.Invoker.invokeMethod(Invoker.java:714)
	at org.testng.internal.Invoker.invokeTestMethod(Invoker.java:901)
	at org.testng.internal.Invoker.invokeTestMethods(Invoker.java:1231)
	at org.testng.internal.TestMethodWorker.invokeTestMethods(TestMethodWorker.java:128)
	at org.testng.internal.TestMethodWorker.run(TestMethodWorker.java:111)
	at org.testng.TestRunner.privateRun(TestRunner.java:767)
	at org.testng.TestRunner.run(TestRunner.java:617)
	at org.testng.SuiteRunner.runTest(SuiteRunner.java:334)
	at org.testng.SuiteRunner.runSequentially(SuiteRunner.java:329)
	at org.testng.SuiteRunner.privateRun(SuiteRunner.java:291)
	at org.testng.SuiteRunner.run(SuiteRunner.java:240)
	at org.testng.SuiteRunnerWorker.runSuite(SuiteRunnerWorker.java:52)
	at org.testng.SuiteRunnerWorker.run(SuiteRunnerWorker.java:86)
	at org.testng.TestNG.runSuitesSequentially(TestNG.java:1203)
	at org.testng.TestNG.runSuitesLocally(TestNG.java:1128)
	at org.testng.TestNG.run(TestNG.java:1036)
	at org.testng.remote.RemoteTestNG.run(RemoteTestNG.java:111)
	at org.testng.remote.RemoteTestNG.initAndRun(RemoteTestNG.java:204)
	at org.testng.remote.RemoteTestNG.main(RemoteTestNG.java:175)
]]>
            </full-stacktrace>
          </exception> <!-- java.lang.AssertionError -->
          <reporter-output>
          </reporter-output>
        </test-method> <!-- f1 -->
        <test-method status="PASS" signature="f3()[pri:0, instance:mytestNGtest.TestNGTest@15cda3f]" name="f3" duration-ms="2" started-at="2013-03-25T17:51:51Z" finished-at="2013-03-25T17:51:51Z">
          <reporter-output>
          </reporter-output>
        </test-method> <!-- f3 -->
      </class> <!-- mytestNGtest.TestNGTest -->
    </test> <!-- Test -->
  </suite> <!-- Suite -->
</testng-results>
